O Pudim Abade de Priscos é uma sobremesa tradicional portuguesa, caracterizada pela sua textura suave e sabor rico. Aqui está uma receita para preparar o Pudim Abade de Priscos:

### Ingredientes:

#### Para o Pudim:
- 12 gemas de ovo
- 250g de açúcar
- 500ml de água

#### Para a Calda:
- 200g de açúcar
- 100ml de água
- Casca de limão (opcional)

### Modo de Preparo:

1. **Preparação da Calda:**
   - Em uma panela, misture o açúcar com a água para a calda. Adicione a casca de limão (se estiver usando).
   - Leve a mistura ao fogo médio e deixe ferver até obter uma calda dourada e espessa. 
   - Desligue o fogo e despeje a calda em uma forma de pudim, espalhando uniformemente no fundo e nas laterais. Reserve.

2. **Preparação do Pudim:**
   - Em uma tigela grande, bata as gemas com o açúcar até obter uma mistura homogênea e cremosa.
   - Aqueça a água em uma panela até que esteja quente, mas não fervendo. 
   - Adicione a água quente lentamente à mistura de gemas e açúcar, mexendo continuamente para evitar que as gemas cozinhem.
   - Despeje a mistura na forma de pudim, sobre a calda preparada anteriormente.

3. **Cozimento do Pudim:**
   - Pré-aqueça o forno a 180°C.
   - Coloque a forma de pudim em uma assadeira maior e adicione água quente na assadeira, até atingir cerca de metade da altura da forma de pudim.
   - Asse o pudim em banho-maria por aproximadamente 1 hora, ou até que esteja firme e dourado por cima.
   - Retire o pudim do forno e deixe esfriar completamente antes de desenformar.

4. **Desenformar o Pudim:**
   - Depois que o pudim estiver completamente frio, passe uma faca em volta da forma para soltar as bordas.
   - Coloque um prato de servir sobre a forma e vire de cabeça para baixo, para que o pudim caia sobre o prato.
   - Com cuidado, remova a forma e a calda caramelizada estará sobre o pudim.

5. **Servir:**
   - Sirva o Pudim Abade de Priscos frio ou à temperatura ambiente, cortado em fatias generosas.
   - Se desejar, decore com frutas frescas, chantilly ou raspas de limão antes de servir.

Este pudim é uma sobremesa deliciosa e elegante, perfeita para servir em ocasiões especiais ou simplesmente para saborear em momentos de deleite gastronômico. Espero que goste!
